0 info it worked if it ends with ok
1 verbose cli [ '/usr/local/bin/node', '/usr/local/bin/npm', 'run', 'test' ]
2 info using npm@4.1.2
3 info using node@v7.7.3
4 verbose run-script [ 'pretest', 'test', 'posttest' ]
5 info lifecycle nova-redux@1.0.0~pretest: nova-redux@1.0.0
6 silly lifecycle nova-redux@1.0.0~pretest: no script for pretest, continuing
7 info lifecycle nova-redux@1.0.0~test: nova-redux@1.0.0
8 verbose lifecycle nova-redux@1.0.0~test: unsafe-perm in lifecycle true
9 verbose lifecycle nova-redux@1.0.0~test: PATH: /usr/local/lib/node_modules/npm/bin/node-gyp-bin:/Users/julesterrien/Desktop/nova-redux/node_modules/.bin:/Users/julesterrien/.rvm/gems/ruby-2.4.0/bin:/Users/julesterrien/.rvm/gems/ruby-2.4.0@global/bin:/Users/julesterrien/.rvm/rubies/ruby-2.4.0/bin:/usr/local/bin:/usr/bin:/bin:/usr/sbin:/sbin:/Users/julesterrien/.rvm/bin
10 verbose lifecycle nova-redux@1.0.0~test: CWD: /Users/julesterrien/Desktop/nova-redux
11 silly lifecycle nova-redux@1.0.0~test: Args: [ '-c', 'mocha --opts .mocharc ./tests/index.js' ]
12 silly lifecycle nova-redux@1.0.0~test: Returned: code: 3  signal: null
13 info lifecycle nova-redux@1.0.0~test: Failed to exec test script
14 verbose stack Error: nova-redux@1.0.0 test: `mocha --opts .mocharc ./tests/index.js`
14 verbose stack Exit status 3
14 verbose stack     at EventEmitter.<anonymous> (/usr/local/lib/node_modules/npm/lib/utils/lifecycle.js:279:16)
14 verbose stack     at emitTwo (events.js:106:13)
14 verbose stack     at EventEmitter.emit (events.js:194:7)
14 verbose stack     at ChildProcess.<anonymous> (/usr/local/lib/node_modules/npm/lib/utils/spawn.js:40:14)
14 verbose stack     at emitTwo (events.js:106:13)
14 verbose stack     at ChildProcess.emit (events.js:194:7)
14 verbose stack     at maybeClose (internal/child_process.js:899:16)
14 verbose stack     at Process.ChildProcess._handle.onexit (internal/child_process.js:226:5)
15 verbose pkgid nova-redux@1.0.0
16 verbose cwd /Users/julesterrien/Desktop/nova-redux
17 error Darwin 16.5.0
18 error argv "/usr/local/bin/node" "/usr/local/bin/npm" "run" "test"
19 error node v7.7.3
20 error npm  v4.1.2
21 error code ELIFECYCLE
22 error nova-redux@1.0.0 test: `mocha --opts .mocharc ./tests/index.js`
22 error Exit status 3
23 error Failed at the nova-redux@1.0.0 test script 'mocha --opts .mocharc ./tests/index.js'.
23 error Make sure you have the latest version of node.js and npm installed.
23 error If you do, this is most likely a problem with the nova-redux package,
23 error not with npm itself.
23 error Tell the author that this fails on your system:
23 error     mocha --opts .mocharc ./tests/index.js
23 error You can get information on how to open an issue for this project with:
23 error     npm bugs nova-redux
23 error Or if that isn't available, you can get their info via:
23 error     npm owner ls nova-redux
23 error There is likely additional logging output above.
24 verbose exit [ 1, true ]
